<?xml version="1.0" encoding="UTF-8" ?>
<testsuite tests="4" failures="0" name="TestSuite" time="189.796" errors="0" skipped="0">
  <properties>
    <property name="java.runtime.name" value="Java(TM) SE Runtime Environment"/>
    <property name="sun.boot.library.path" value="C:\Program Files\Java\jdk1.8.0_162\jre\bin"/>
    <property name="java.vm.version" value="25.162-b12"/>
    <property name="java.vm.vendor" value="Oracle Corporation"/>
    <property name="java.vendor.url" value="http://java.oracle.com/"/>
    <property name="path.separator" value=";"/>
    <property name="java.vm.name" value="Java HotSpot(TM) 64-Bit Server VM"/>
    <property name="file.encoding.pkg" value="sun.io"/>
    <property name="user.script" value=""/>
    <property name="user.country" value="CN"/>
    <property name="sun.java.launcher" value="SUN_STANDARD"/>
    <property name="sun.os.patch.level" value=""/>
    <property name="java.vm.specification.name" value="Java Virtual Machine Specification"/>
    <property name="user.dir" value="C:\Users\rh\IdeaProjects\Discuz_WebAutoTest"/>
    <property name="java.runtime.version" value="1.8.0_162-b12"/>
    <property name="java.awt.graphicsenv" value="sun.awt.Win32GraphicsEnvironment"/>
    <property name="basedir" value="C:\Users\rh\IdeaProjects\Discuz_WebAutoTest"/>
    <property name="java.endorsed.dirs" value="C:\Program Files\Java\jdk1.8.0_162\jre\lib\endorsed"/>
    <property name="os.arch" value="amd64"/>
    <property name="surefire.real.class.path" value="C:\Users\rh\AppData\Local\Temp\surefirebooter5663756153022452671.jar"/>
    <property name="java.io.tmpdir" value="C:\Users\rh\AppData\Local\Temp\"/>
    <property name="line.separator" value="
"/>
    <property name="java.vm.specification.vendor" value="Oracle Corporation"/>
    <property name="user.variant" value=""/>
    <property name="os.name" value="Windows 10"/>
    <property name="sun.jnu.encoding" value="GBK"/>
    <property name="java.library.path" value="C:\Program Files\Java\jdk1.8.0_162\jre\bin;C:\WINDOWS\Sun\Java\bin;C:\WINDOWS\system32;C:\WINDOWS;C:\Program Files\Java\jdk1.8.0_162\bin;C:\Program Files (x86)\Common Files\NetSarang;C:\ProgramData\Oracle\Java\javapath;C:\WINDOWS\system32;C:\WINDOWS\system32;C:\WINDOWS;C:\WINDOWS\System32\Wbem;C:\WINDOWS\System32\WindowsPowerShell\v1.0\;C:\Program Files\MySQL\MySQL Utilities 1.6\;D:\Program Files\HP\LoadRunner\strawberry-perl\perl\bin;C:\Program Files (x86)\HP\NV\lib\thirdparty\safenet\LDK\7.0;C:\Program Files (x86)\HP\NV\lib\shunra\snv;D:\maven-3.0.5\bin;D:\Program Files\Git\cmd;C:\Users\rh\AppData\Local\Microsoft\WindowsApps;C:\Program Files\Java\jdk1.8.0_151\binï¼›;."/>
    <property name="surefire.test.class.path" value="C:\Users\rh\IdeaProjects\Discuz_WebAutoTest\target\test-classes;C:\Users\rh\IdeaProjects\Discuz_WebAutoTest\target\classes;D:\selenium\userlib\org\apache\maven\plugins\maven-resources-plugin\2.5\maven-resources-plugin-2.5.jar;D:\selenium\userlib\org\apache\maven\maven-plugin-api\2.0.6\maven-plugin-api-2.0.6.jar;D:\selenium\userlib\org\apache\maven\maven-project\2.0.6\maven-project-2.0.6.jar;D:\selenium\userlib\org\apache\maven\maven-profile\2.0.6\maven-profile-2.0.6.jar;D:\selenium\userlib\org\apache\maven\maven-artifact-manager\2.0.6\maven-artifact-manager-2.0.6.jar;D:\selenium\userlib\org\apache\maven\maven-plugin-registry\2.0.6\maven-plugin-registry-2.0.6.jar;D:\selenium\userlib\org\apache\maven\maven-core\2.0.6\maven-core-2.0.6.jar;D:\selenium\userlib\org\apache\maven\wagon\wagon-file\1.0-beta-2\wagon-file-1.0-beta-2.jar;D:\selenium\userlib\org\apache\maven\maven-plugin-parameter-documenter\2.0.6\maven-plugin-parameter-documenter-2.0.6.jar;D:\selenium\userlib\org\apache\maven\wagon\wagon-http-lightweight\1.0-beta-2\wagon-http-lightweight-1.0-beta-2.jar;D:\selenium\userlib\org\apache\maven\wagon\wagon-http-shared\1.0-beta-2\wagon-http-shared-1.0-beta-2.jar;D:\selenium\userlib\jtidy\jtidy\4aug2000r7-dev\jtidy-4aug2000r7-dev.jar;D:\selenium\userlib\xml-apis\xml-apis\1.0.b2\xml-apis-1.0.b2.jar;D:\selenium\userlib\org\apache\maven\reporting\maven-reporting-api\2.0.6\maven-reporting-api-2.0.6.jar;D:\selenium\userlib\org\apache\maven\doxia\doxia-sink-api\1.0-alpha-7\doxia-sink-api-1.0-alpha-7.jar;D:\selenium\userlib\org\apache\maven\wagon\wagon-provider-api\1.0-beta-2\wagon-provider-api-1.0-beta-2.jar;D:\selenium\userlib\org\apache\maven\maven-repository-metadata\2.0.6\maven-repository-metadata-2.0.6.jar;D:\selenium\userlib\org\apache\maven\maven-error-diagnostics\2.0.6\maven-error-diagnostics-2.0.6.jar;D:\selenium\userlib\commons-cli\commons-cli\1.0\commons-cli-1.0.jar;D:\selenium\userlib\org\apache\maven\wagon\wagon-ssh-external\1.0-beta-2\wagon-ssh-external-1.0-beta-2.jar;D:\selenium\userlib\org\apache\maven\wagon\wagon-ssh-common\1.0-beta-2\wagon-ssh-common-1.0-beta-2.jar;D:\selenium\userlib\org\apache\maven\maven-plugin-descriptor\2.0.6\maven-plugin-descriptor-2.0.6.jar;D:\selenium\userlib\org\codehaus\plexus\plexus-interactivity-api\1.0-alpha-4\plexus-interactivity-api-1.0-alpha-4.jar;D:\selenium\userlib\org\apache\maven\wagon\wagon-ssh\1.0-beta-2\wagon-ssh-1.0-beta-2.jar;D:\selenium\userlib\com\jcraft\jsch\0.1.27\jsch-0.1.27.jar;D:\selenium\userlib\classworlds\classworlds\1.1\classworlds-1.1.jar;D:\selenium\userlib\org\apache\maven\maven-artifact\2.0.6\maven-artifact-2.0.6.jar;D:\selenium\userlib\org\apache\maven\maven-settings\2.0.6\maven-settings-2.0.6.jar;D:\selenium\userlib\org\apache\maven\maven-model\2.0.6\maven-model-2.0.6.jar;D:\selenium\userlib\org\apache\maven\maven-monitor\2.0.6\maven-monitor-2.0.6.jar;D:\selenium\userlib\org\codehaus\plexus\plexus-container-default\1.0-alpha-9-stable-1\plexus-container-default-1.0-alpha-9-stable-1.jar;D:\selenium\userlib\junit\junit\3.8.1\junit-3.8.1.jar;D:\selenium\userlib\org\codehaus\plexus\plexus-utils\2.0.5\plexus-utils-2.0.5.jar;D:\selenium\userlib\org\apache\maven\shared\maven-filtering\1.0\maven-filtering-1.0.jar;D:\selenium\userlib\org\sonatype\plexus\plexus-build-api\0.0.4\plexus-build-api-0.0.4.jar;D:\selenium\userlib\org\codehaus\plexus\plexus-interpolation\1.13\plexus-interpolation-1.13.jar;D:\selenium\userlib\org\seleniumhq\selenium\selenium-java\2.48.2\selenium-java-2.48.2.jar;D:\selenium\userlib\org\seleniumhq\selenium\selenium-chrome-driver\2.48.2\selenium-chrome-driver-2.48.2.jar;D:\selenium\userlib\org\seleniumhq\selenium\selenium-edge-driver\2.48.2\selenium-edge-driver-2.48.2.jar;D:\selenium\userlib\commons-io\commons-io\2.4\commons-io-2.4.jar;D:\selenium\userlib\org\seleniumhq\selenium\selenium-htmlunit-driver\2.48.2\selenium-htmlunit-driver-2.48.2.jar;D:\selenium\userlib\net\sourceforge\htmlunit\htmlunit\2.18\htmlunit-2.18.jar;D:\selenium\userlib\xalan\xalan\2.7.2\xalan-2.7.2.jar;D:\selenium\userlib\xalan\serializer\2.7.2\serializer-2.7.2.jar;D:\selenium\userlib\commons-collections\commons-collections\3.2.1\commons-collections-3.2.1.jar;D:\selenium\userlib\org\apache\commons\commons-lang3\3.4\commons-lang3-3.4.jar;D:\selenium\userlib\org\apache\httpcomponents\httpmime\4.5\httpmime-4.5.jar;D:\selenium\userlib\net\sourceforge\htmlunit\htmlunit-core-js\2.17\htmlunit-core-js-2.17.jar;D:\selenium\userlib\xerces\xercesImpl\2.11.0\xercesImpl-2.11.0.jar;D:\selenium\userlib\net\sourceforge\nekohtml\nekohtml\1.9.22\nekohtml-1.9.22.jar;D:\selenium\userlib\net\sourceforge\cssparser\cssparser\0.9.16\cssparser-0.9.16.jar;D:\selenium\userlib\org\w3c\css\sac\1.3\sac-1.3.jar;D:\selenium\userlib\org\eclipse\jetty\websocket\websocket-client\9.2.12.v20150709\websocket-client-9.2.12.v20150709.jar;D:\selenium\userlib\org\eclipse\jetty\jetty-util\9.2.12.v20150709\jetty-util-9.2.12.v20150709.jar;D:\selenium\userlib\org\eclipse\jetty\jetty-io\9.2.12.v20150709\jetty-io-9.2.12.v20150709.jar;D:\selenium\userlib\org\eclipse\jetty\websocket\websocket-common\9.2.12.v20150709\websocket-common-9.2.12.v20150709.jar;D:\selenium\userlib\org\eclipse\jetty\websocket\websocket-api\9.2.12.v20150709\websocket-api-9.2.12.v20150709.jar;D:\selenium\userlib\org\seleniumhq\selenium\selenium-ie-driver\2.48.2\selenium-ie-driver-2.48.2.jar;D:\selenium\userlib\org\seleniumhq\selenium\selenium-safari-driver\2.48.2\selenium-safari-driver-2.48.2.jar;D:\selenium\userlib\org\seleniumhq\selenium\selenium-support\2.48.2\selenium-support-2.48.2.jar;D:\selenium\userlib\org\webbitserver\webbit\0.4.14\webbit-0.4.14.jar;D:\selenium\userlib\io\netty\netty\3.5.2.Final\netty-3.5.2.Final.jar;D:\selenium\userlib\org\seleniumhq\selenium\selenium-leg-rc\2.48.2\selenium-leg-rc-2.48.2.jar;D:\selenium\userlib\org\seleniumhq\selenium\selenium-firefox-driver\3.5.1\selenium-firefox-driver-3.5.1.jar;D:\selenium\userlib\org\seleniumhq\selenium\selenium-api\3.5.1\selenium-api-3.5.1.jar;D:\selenium\userlib\org\seleniumhq\selenium\selenium-remote-driver\3.5.1\selenium-remote-driver-3.5.1.jar;D:\selenium\userlib\cglib\cglib-nodep\3.2.4\cglib-nodep-3.2.4.jar;D:\selenium\userlib\org\apache\commons\commons-exec\1.3\commons-exec-1.3.jar;D:\selenium\userlib\commons-codec\commons-codec\1.10\commons-codec-1.10.jar;D:\selenium\userlib\commons-logging\commons-logging\1.2\commons-logging-1.2.jar;D:\selenium\userlib\com\google\code\gson\gson\2.8.0\gson-2.8.0.jar;D:\selenium\userlib\com\google\guava\guava\23.0\guava-23.0.jar;D:\selenium\userlib\com\google\code\findbugs\jsr305\1.3.9\jsr305-1.3.9.jar;D:\selenium\userlib\com\google\errorprone\error_prone_annotations\2.0.18\error_prone_annotations-2.0.18.jar;D:\selenium\userlib\com\google\j2objc\j2objc-annotations\1.1\j2objc-annotations-1.1.jar;D:\selenium\userlib\org\codehaus\mojo\animal-sniffer-annotations\1.14\animal-sniffer-annotations-1.14.jar;D:\selenium\userlib\org\apache\httpcomponents\httpclient\4.5.3\httpclient-4.5.3.jar;D:\selenium\userlib\org\apache\httpcomponents\httpcore\4.4.6\httpcore-4.4.6.jar;D:\selenium\userlib\net\java\dev\jna\jna\4.1.0\jna-4.1.0.jar;D:\selenium\userlib\net\java\dev\jna\jna-platform\4.1.0\jna-platform-4.1.0.jar;D:\selenium\userlib\log4j\log4j\1.2.17\log4j-1.2.17.jar;D:\selenium\userlib\org\testng\testng\6.9.10\testng-6.9.10.jar;D:\selenium\userlib\com\beust\jcommander\1.48\jcommander-1.48.jar;D:\selenium\userlib\org\beanshell\bsh\2.0b4\bsh-2.0b4.jar;"/>
    <property name="java.specification.name" value="Java Platform API Specification"/>
    <property name="java.class.version" value="52.0"/>
    <property name="sun.management.compiler" value="HotSpot 64-Bit Tiered Compilers"/>
    <property name="os.version" value="10.0"/>
    <property name="user.home" value="C:\Users\rh"/>
    <property name="user.timezone" value="Asia/Shanghai"/>
    <property name="java.awt.printerjob" value="sun.awt.windows.WPrinterJob"/>
    <property name="java.specification.version" value="1.8"/>
    <property name="file.encoding" value="GBK"/>
    <property name="user.name" value="rh"/>
    <property name="java.class.path" value="C:\Users\rh\IdeaProjects\Discuz_WebAutoTest\target\test-classes;C:\Users\rh\IdeaProjects\Discuz_WebAutoTest\target\classes;D:\selenium\userlib\org\apache\maven\plugins\maven-resources-plugin\2.5\maven-resources-plugin-2.5.jar;D:\selenium\userlib\org\apache\maven\maven-plugin-api\2.0.6\maven-plugin-api-2.0.6.jar;D:\selenium\userlib\org\apache\maven\maven-project\2.0.6\maven-project-2.0.6.jar;D:\selenium\userlib\org\apache\maven\maven-profile\2.0.6\maven-profile-2.0.6.jar;D:\selenium\userlib\org\apache\maven\maven-artifact-manager\2.0.6\maven-artifact-manager-2.0.6.jar;D:\selenium\userlib\org\apache\maven\maven-plugin-registry\2.0.6\maven-plugin-registry-2.0.6.jar;D:\selenium\userlib\org\apache\maven\maven-core\2.0.6\maven-core-2.0.6.jar;D:\selenium\userlib\org\apache\maven\wagon\wagon-file\1.0-beta-2\wagon-file-1.0-beta-2.jar;D:\selenium\userlib\org\apache\maven\maven-plugin-parameter-documenter\2.0.6\maven-plugin-parameter-documenter-2.0.6.jar;D:\selenium\userlib\org\apache\maven\wagon\wagon-http-lightweight\1.0-beta-2\wagon-http-lightweight-1.0-beta-2.jar;D:\selenium\userlib\org\apache\maven\wagon\wagon-http-shared\1.0-beta-2\wagon-http-shared-1.0-beta-2.jar;D:\selenium\userlib\jtidy\jtidy\4aug2000r7-dev\jtidy-4aug2000r7-dev.jar;D:\selenium\userlib\xml-apis\xml-apis\1.0.b2\xml-apis-1.0.b2.jar;D:\selenium\userlib\org\apache\maven\reporting\maven-reporting-api\2.0.6\maven-reporting-api-2.0.6.jar;D:\selenium\userlib\org\apache\maven\doxia\doxia-sink-api\1.0-alpha-7\doxia-sink-api-1.0-alpha-7.jar;D:\selenium\userlib\org\apache\maven\wagon\wagon-provider-api\1.0-beta-2\wagon-provider-api-1.0-beta-2.jar;D:\selenium\userlib\org\apache\maven\maven-repository-metadata\2.0.6\maven-repository-metadata-2.0.6.jar;D:\selenium\userlib\org\apache\maven\maven-error-diagnostics\2.0.6\maven-error-diagnostics-2.0.6.jar;D:\selenium\userlib\commons-cli\commons-cli\1.0\commons-cli-1.0.jar;D:\selenium\userlib\org\apache\maven\wagon\wagon-ssh-external\1.0-beta-2\wagon-ssh-external-1.0-beta-2.jar;D:\selenium\userlib\org\apache\maven\wagon\wagon-ssh-common\1.0-beta-2\wagon-ssh-common-1.0-beta-2.jar;D:\selenium\userlib\org\apache\maven\maven-plugin-descriptor\2.0.6\maven-plugin-descriptor-2.0.6.jar;D:\selenium\userlib\org\codehaus\plexus\plexus-interactivity-api\1.0-alpha-4\plexus-interactivity-api-1.0-alpha-4.jar;D:\selenium\userlib\org\apache\maven\wagon\wagon-ssh\1.0-beta-2\wagon-ssh-1.0-beta-2.jar;D:\selenium\userlib\com\jcraft\jsch\0.1.27\jsch-0.1.27.jar;D:\selenium\userlib\classworlds\classworlds\1.1\classworlds-1.1.jar;D:\selenium\userlib\org\apache\maven\maven-artifact\2.0.6\maven-artifact-2.0.6.jar;D:\selenium\userlib\org\apache\maven\maven-settings\2.0.6\maven-settings-2.0.6.jar;D:\selenium\userlib\org\apache\maven\maven-model\2.0.6\maven-model-2.0.6.jar;D:\selenium\userlib\org\apache\maven\maven-monitor\2.0.6\maven-monitor-2.0.6.jar;D:\selenium\userlib\org\codehaus\plexus\plexus-container-default\1.0-alpha-9-stable-1\plexus-container-default-1.0-alpha-9-stable-1.jar;D:\selenium\userlib\junit\junit\3.8.1\junit-3.8.1.jar;D:\selenium\userlib\org\codehaus\plexus\plexus-utils\2.0.5\plexus-utils-2.0.5.jar;D:\selenium\userlib\org\apache\maven\shared\maven-filtering\1.0\maven-filtering-1.0.jar;D:\selenium\userlib\org\sonatype\plexus\plexus-build-api\0.0.4\plexus-build-api-0.0.4.jar;D:\selenium\userlib\org\codehaus\plexus\plexus-interpolation\1.13\plexus-interpolation-1.13.jar;D:\selenium\userlib\org\seleniumhq\selenium\selenium-java\2.48.2\selenium-java-2.48.2.jar;D:\selenium\userlib\org\seleniumhq\selenium\selenium-chrome-driver\2.48.2\selenium-chrome-driver-2.48.2.jar;D:\selenium\userlib\org\seleniumhq\selenium\selenium-edge-driver\2.48.2\selenium-edge-driver-2.48.2.jar;D:\selenium\userlib\commons-io\commons-io\2.4\commons-io-2.4.jar;D:\selenium\userlib\org\seleniumhq\selenium\selenium-htmlunit-driver\2.48.2\selenium-htmlunit-driver-2.48.2.jar;D:\selenium\userlib\net\sourceforge\htmlunit\htmlunit\2.18\htmlunit-2.18.jar;D:\selenium\userlib\xalan\xalan\2.7.2\xalan-2.7.2.jar;D:\selenium\userlib\xalan\serializer\2.7.2\serializer-2.7.2.jar;D:\selenium\userlib\commons-collections\commons-collections\3.2.1\commons-collections-3.2.1.jar;D:\selenium\userlib\org\apache\commons\commons-lang3\3.4\commons-lang3-3.4.jar;D:\selenium\userlib\org\apache\httpcomponents\httpmime\4.5\httpmime-4.5.jar;D:\selenium\userlib\net\sourceforge\htmlunit\htmlunit-core-js\2.17\htmlunit-core-js-2.17.jar;D:\selenium\userlib\xerces\xercesImpl\2.11.0\xercesImpl-2.11.0.jar;D:\selenium\userlib\net\sourceforge\nekohtml\nekohtml\1.9.22\nekohtml-1.9.22.jar;D:\selenium\userlib\net\sourceforge\cssparser\cssparser\0.9.16\cssparser-0.9.16.jar;D:\selenium\userlib\org\w3c\css\sac\1.3\sac-1.3.jar;D:\selenium\userlib\org\eclipse\jetty\websocket\websocket-client\9.2.12.v20150709\websocket-client-9.2.12.v20150709.jar;D:\selenium\userlib\org\eclipse\jetty\jetty-util\9.2.12.v20150709\jetty-util-9.2.12.v20150709.jar;D:\selenium\userlib\org\eclipse\jetty\jetty-io\9.2.12.v20150709\jetty-io-9.2.12.v20150709.jar;D:\selenium\userlib\org\eclipse\jetty\websocket\websocket-common\9.2.12.v20150709\websocket-common-9.2.12.v20150709.jar;D:\selenium\userlib\org\eclipse\jetty\websocket\websocket-api\9.2.12.v20150709\websocket-api-9.2.12.v20150709.jar;D:\selenium\userlib\org\seleniumhq\selenium\selenium-ie-driver\2.48.2\selenium-ie-driver-2.48.2.jar;D:\selenium\userlib\org\seleniumhq\selenium\selenium-safari-driver\2.48.2\selenium-safari-driver-2.48.2.jar;D:\selenium\userlib\org\seleniumhq\selenium\selenium-support\2.48.2\selenium-support-2.48.2.jar;D:\selenium\userlib\org\webbitserver\webbit\0.4.14\webbit-0.4.14.jar;D:\selenium\userlib\io\netty\netty\3.5.2.Final\netty-3.5.2.Final.jar;D:\selenium\userlib\org\seleniumhq\selenium\selenium-leg-rc\2.48.2\selenium-leg-rc-2.48.2.jar;D:\selenium\userlib\org\seleniumhq\selenium\selenium-firefox-driver\3.5.1\selenium-firefox-driver-3.5.1.jar;D:\selenium\userlib\org\seleniumhq\selenium\selenium-api\3.5.1\selenium-api-3.5.1.jar;D:\selenium\userlib\org\seleniumhq\selenium\selenium-remote-driver\3.5.1\selenium-remote-driver-3.5.1.jar;D:\selenium\userlib\cglib\cglib-nodep\3.2.4\cglib-nodep-3.2.4.jar;D:\selenium\userlib\org\apache\commons\commons-exec\1.3\commons-exec-1.3.jar;D:\selenium\userlib\commons-codec\commons-codec\1.10\commons-codec-1.10.jar;D:\selenium\userlib\commons-logging\commons-logging\1.2\commons-logging-1.2.jar;D:\selenium\userlib\com\google\code\gson\gson\2.8.0\gson-2.8.0.jar;D:\selenium\userlib\com\google\guava\guava\23.0\guava-23.0.jar;D:\selenium\userlib\com\google\code\findbugs\jsr305\1.3.9\jsr305-1.3.9.jar;D:\selenium\userlib\com\google\errorprone\error_prone_annotations\2.0.18\error_prone_annotations-2.0.18.jar;D:\selenium\userlib\com\google\j2objc\j2objc-annotations\1.1\j2objc-annotations-1.1.jar;D:\selenium\userlib\org\codehaus\mojo\animal-sniffer-annotations\1.14\animal-sniffer-annotations-1.14.jar;D:\selenium\userlib\org\apache\httpcomponents\httpclient\4.5.3\httpclient-4.5.3.jar;D:\selenium\userlib\org\apache\httpcomponents\httpcore\4.4.6\httpcore-4.4.6.jar;D:\selenium\userlib\net\java\dev\jna\jna\4.1.0\jna-4.1.0.jar;D:\selenium\userlib\net\java\dev\jna\jna-platform\4.1.0\jna-platform-4.1.0.jar;D:\selenium\userlib\log4j\log4j\1.2.17\log4j-1.2.17.jar;D:\selenium\userlib\org\testng\testng\6.9.10\testng-6.9.10.jar;D:\selenium\userlib\com\beust\jcommander\1.48\jcommander-1.48.jar;D:\selenium\userlib\org\beanshell\bsh\2.0b4\bsh-2.0b4.jar;"/>
    <property name="java.vm.specification.version" value="1.8"/>
    <property name="sun.arch.data.model" value="64"/>
    <property name="java.home" value="C:\Program Files\Java\jdk1.8.0_162\jre"/>
    <property name="sun.java.command" value="C:\Users\rh\AppData\Local\Temp\surefirebooter5663756153022452671.jar C:\Users\rh\AppData\Local\Temp\surefire4409549950414103618tmp C:\Users\rh\AppData\Local\Temp\surefire3335458768586581891tmp"/>
    <property name="java.specification.vendor" value="Oracle Corporation"/>
    <property name="user.language" value="zh"/>
    <property name="awt.toolkit" value="sun.awt.windows.WToolkit"/>
    <property name="java.vm.info" value="mixed mode"/>
    <property name="java.version" value="1.8.0_162"/>
    <property name="java.ext.dirs" value="C:\Program Files\Java\jdk1.8.0_162\jre\lib\ext;C:\WINDOWS\Sun\Java\lib\ext"/>
    <property name="sun.boot.class.path" value="C:\Program Files\Java\jdk1.8.0_162\jre\lib\resources.jar;C:\Program Files\Java\jdk1.8.0_162\jre\lib\rt.jar;C:\Program Files\Java\jdk1.8.0_162\jre\lib\sunrsasign.jar;C:\Program Files\Java\jdk1.8.0_162\jre\lib\jsse.jar;C:\Program Files\Java\jdk1.8.0_162\jre\lib\jce.jar;C:\Program Files\Java\jdk1.8.0_162\jre\lib\charsets.jar;C:\Program Files\Java\jdk1.8.0_162\jre\lib\jfr.jar;C:\Program Files\Java\jdk1.8.0_162\jre\classes"/>
    <property name="webdriver.chrome.driver" value="./tools/chromedriver.exe"/>
    <property name="java.vendor" value="Oracle Corporation"/>
    <property name="localRepository" value="D:\selenium\userlib"/>
    <property name="file.separator" value="\"/>
    <property name="java.vendor.url.bug" value="http://bugreport.sun.com/bugreport/"/>
    <property name="sun.cpu.endian" value="little"/>
    <property name="sun.io.unicode.encoding" value="UnicodeLittle"/>
    <property name="sun.desktop" value="windows"/>
    <property name="sun.cpu.isalist" value="amd64"/>
  </properties>
  <testcase classname="testcase.TestLogin" name="testLogin" time="18.73"/>
  <testcase classname="testcase.TestAdmin_User" name="test" time="87.907"/>
  <testcase classname="testcase.TestSearch" name="testSearch" time="12.641"/>
  <testcase classname="testcase.TestVote" name="testVote" time="47.013"/>
</testsuite>