<?xml version="1.0" encoding="UTF-8"?>
<!-- Generated by org.testng.reporters.JUnitReportReporter -->
<testsuite hostname="LAPTOP-L8359RGC" name="testcase.TestVote" tests="1" failures="0" timestamp="10 May 2018 05:41:20 GMT" time="52.016" errors="0">
  <testcase name="testVote" time="52.016" classname="testcase.TestVote"/>
</testsuite> <!-- testcase.TestVote -->
