<?xml version="1.0" encoding="UTF-8"?>
<!-- Generated by org.testng.reporters.JUnitReportReporter -->
<testsuite hostname="LAPTOP-L8359RGC" name="testcase.TestSearch" tests="1" failures="0" timestamp="10 May 2018 05:41:20 GMT" time="17.600" errors="0">
  <testcase name="testSearch" time="17.600" classname="testcase.TestSearch"/>
</testsuite> <!-- testcase.TestSearch -->
