<?xml version="1.0" encoding="UTF-8"?>
<!-- Generated by org.testng.reporters.JUnitReportReporter -->
<testsuite hostname="LAPTOP-L8359RGC" name="testcase.TestAdmin_User" tests="1" failures="0" timestamp="10 May 2018 05:41:20 GMT" time="92.513" errors="0">
  <testcase name="test" time="92.513" classname="testcase.TestAdmin_User"/>
</testsuite> <!-- testcase.TestAdmin_User -->
