<?xml version="1.0" encoding="UTF-8"?>
<!-- Generated by org.testng.reporters.JUnitReportReporter -->
<testsuite hostname="LAPTOP-L8359RGC" name="testcase.TestLogin" tests="1" failures="0" timestamp="10 May 2018 08:58:15 GMT" time="24.160" errors="0">
  <testcase name="testLogin" time="24.160" classname="testcase.TestLogin"/>
</testsuite> <!-- testcase.TestLogin -->
