<?xml version="1.0" encoding="UTF-8"?>
<!-- Generated by org.testng.reporters.JUnitReportReporter -->
<testsuite hostname="LAPTOP-L8359RGC" name="testcase.TestSearch" tests="1" failures="0" timestamp="30 May 2018 08:30:44 GMT" time="18.650" errors="0">
  <testcase name="testSearch" time="18.650" classname="testcase.TestSearch"/>
</testsuite> <!-- testcase.TestSearch -->
