<?xml version="1.0" encoding="UTF-8"?>
<!-- Generated by org.testng.reporters.JUnitReportReporter -->
<testsuite hostname="LAPTOP-L8359RGC" name="testcase.TestVote" tests="1" failures="0" timestamp="30 May 2018 08:30:44 GMT" time="28.330" errors="0">
  <testcase name="testVote" time="28.330" classname="testcase.TestVote"/>
</testsuite> <!-- testcase.TestVote -->
