<?xml version="1.0" encoding="UTF-8"?>
<!-- Generated by org.testng.reporters.JUnitReportReporter -->
<testsuite hostname="LAPTOP-L8359RGC" name="testcase.TestVote" tests="1" failures="0" timestamp="10 May 2018 08:58:15 GMT" time="24.286" errors="0">
  <testcase name="testVote" time="24.286" classname="testcase.TestVote"/>
</testsuite> <!-- testcase.TestVote -->
